<?xml version="1.0" encoding="UTF-8"?>
<testsuite xmlns:xsi="http://www.w3.org/2001/XMLSchema-instance" xsi:noNamespaceSchemaLocation="https://maven.apache.org/surefire/maven-surefire-plugin/xsd/surefire-test-report-3.0.xsd" version="3.0" name="coding.task.visable.VisableApplicationTests" time="9.135" tests="1" errors="0" skipped="0" failures="0">
  <properties>
[...]
</properties>
  <testcase name="contextLoads" classname="coding.task.visable.VisableApplicationTests" time="0.797">
    <system-out><![CDATA[16:49:04.726 [main] INFO org.springframework.test.context.support.AnnotationConfigContextLoaderUtils -- Could not detect default configuration classes for test class [coding.task.visable.VisableApplicationTests]: VisableApplicationTests does not declare any static, non-private, non-final, nested classes annotated with @Configuration.
16:49:04.934 [main] INFO org.springframework.boot.test.context.SpringBootTestContextBootstrapper -- Found @SpringBootConfiguration coding.task.visable.VisableApplication for test class coding.task.visable.VisableApplicationTests

  .   ____          _            __ _ _
 /\\ / ___'_ __ _ _(_)_ __  __ _ \ \ \ \
( ( )\___ | '_ | '_| | '_ \/ _` | \ \ \ \
 \\/  ___)| |_)| | | | | || (_| |  ) ) ) )
  '  |____| .__|_| |_|_| |_\__, | / / / /
 =========|_|==============|___/=/_/_/_/
 :: Spring Boot ::                (v3.2.2)

2024-02-08T16:49:05.737+01:00  INFO 41705 --- [           main] c.task.visable.VisableApplicationTests   : Starting VisableApplicationTests using Java 18.0.2.1 with PID 41705 (started by amjad in /Users/amjad/Downloads/visable)
2024-02-08T16:49:05.739+01:00  INFO 41705 --- [           main] c.task.visable.VisableApplicationTests   : No active profile set, falling back to 1 default profile: "default"
2024-02-08T16:49:06.855+01:00  INFO 41705 --- [           main] .s.d.r.c.RepositoryConfigurationDelegate : Bootstrapping Spring Data JPA repositories in DEFAULT mode.
2024-02-08T16:49:06.975+01:00  INFO 41705 --- [           main] .s.d.r.c.RepositoryConfigurationDelegate : Finished Spring Data repository scanning in 108 ms. Found 2 JPA repository interfaces.
2024-02-08T16:49:07.781+01:00  INFO 41705 --- [           main] com.zaxxer.hikari.HikariDataSource       : HikariPool-1 - Starting...
2024-02-08T16:49:08.144+01:00  INFO 41705 --- [           main] com.zaxxer.hikari.pool.HikariPool        : HikariPool-1 - Added connection org.postgresql.jdbc.PgConnection@3ece79fe
2024-02-08T16:49:08.146+01:00  INFO 41705 --- [           main] com.zaxxer.hikari.HikariDataSource       : HikariPool-1 - Start completed.
2024-02-08T16:49:08.310+01:00  INFO 41705 --- [           main] o.f.c.internal.license.VersionPrinter    : Flyway Community Edition 9.22.3 by Redgate
2024-02-08T16:49:08.310+01:00  INFO 41705 --- [           main] o.f.c.internal.license.VersionPrinter    : See release notes here: https://rd.gt/416ObMi
2024-02-08T16:49:08.310+01:00  INFO 41705 --- [           main] o.f.c.internal.license.VersionPrinter    : 
2024-02-08T16:49:08.336+01:00  INFO 41705 --- [           main] org.flywaydb.core.FlywayExecutor         : Database: jdbc:postgresql://0.0.0.0:5432/postgres (PostgreSQL 16.1)
2024-02-08T16:49:08.356+01:00  WARN 41705 --- [           main] o.f.c.internal.database.base.Database    : Flyway upgrade recommended: PostgreSQL 16.1 is newer than this version of Flyway and support has not been tested. The latest supported version of PostgreSQL is 15.
2024-02-08T16:49:08.423+01:00  INFO 41705 --- [           main] o.f.core.internal.command.DbValidate     : Successfully validated 1 migration (execution time 00:00.048s)
2024-02-08T16:49:08.464+01:00  INFO 41705 --- [           main] o.f.core.internal.command.DbMigrate      : Current version of schema "public": 1
2024-02-08T16:49:08.473+01:00  INFO 41705 --- [           main] o.f.core.internal.command.DbMigrate      : Schema "public" is up to date. No migration necessary.
2024-02-08T16:49:08.709+01:00  INFO 41705 --- [           main] o.hibernate.jpa.internal.util.LogHelper  : HHH000204: Processing PersistenceUnitInfo [name: default]
2024-02-08T16:49:08.879+01:00  INFO 41705 --- [           main] org.hibernate.Version                    : HHH000412: Hibernate ORM core version 6.4.1.Final
2024-02-08T16:49:08.943+01:00  INFO 41705 --- [           main] o.h.c.internal.RegionFactoryInitiator    : HHH000026: Second-level cache disabled
2024-02-08T16:49:09.322+01:00  INFO 41705 --- [           main] o.s.o.j.p.SpringPersistenceUnitInfo      : No LoadTimeWeaver setup: ignoring JPA class transformer
2024-02-08T16:49:10.650+01:00  INFO 41705 --- [           main] o.h.e.t.j.p.i.JtaPlatformInitiator       : HHH000489: No JTA platform available (set 'hibernate.transaction.jta.platform' to enable JTA platform integration)
2024-02-08T16:49:10.654+01:00  INFO 41705 --- [           main] j.LocalContainerEntityManagerFactoryBean : Initialized JPA EntityManagerFactory for persistence unit 'default'
2024-02-08T16:49:11.639+01:00  WARN 41705 --- [           main] JpaBaseConfiguration$JpaWebConfiguration : spring.jpa.open-in-view is enabled by default. Therefore, database queries may be performed during view rendering. Explicitly configure spring.jpa.open-in-view to disable this warning
2024-02-08T16:49:12.485+01:00  INFO 41705 --- [           main] o.a.k.clients.consumer.ConsumerConfig    : ConsumerConfig values: 
	allow.auto.create.topics = true
	auto.commit.interval.ms = 5000
	auto.include.jmx.reporter = true
	auto.offset.reset = latest
	bootstrap.servers = [localhost:9092]
	check.crcs = true
	client.dns.lookup = use_all_dns_ips
	client.id = consumer-visable-1
	client.rack = 
	connections.max.idle.ms = 540000
	default.api.timeout.ms = 60000
	enable.auto.commit = false
	exclude.internal.topics = true
	fetch.max.bytes = 52428800
	fetch.max.wait.ms = 500
	fetch.min.bytes = 1
	group.id = visable
	group.instance.id = null
	heartbeat.interval.ms = 3000
	interceptor.classes = []
	internal.leave.group.on.close = true
	internal.throw.on.fetch.stable.offset.unsupported = false
	isolation.level = read_uncommitted
	key.deserializer = class org.apache.kafka.common.serialization.StringDeserializer
	max.partition.fetch.bytes = 1048576
	max.poll.interval.ms = 300000
	max.poll.records = 500
	metadata.max.age.ms = 300000
	metric.reporters = []
	metrics.num.samples = 2
	metrics.recording.level = INFO
	metrics.sample.window.ms = 30000
	partition.assignment.strategy = [class org.apache.kafka.clients.consumer.RangeAssignor, class org.apache.kafka.clients.consumer.CooperativeStickyAssignor]
	receive.buffer.bytes = 65536
	reconnect.backoff.max.ms = 1000
	reconnect.backoff.ms = 50
	request.timeout.ms = 30000
	retry.backoff.ms = 100
	sasl.client.callback.handler.class = null
	sasl.jaas.config = null
	sasl.kerberos.kinit.cmd = /usr/bin/kinit
	sasl.kerberos.min.time.before.relogin = 60000
	sasl.kerberos.service.name = null
	sasl.kerberos.ticket.renew.jitter = 0.05
	sasl.kerberos.ticket.renew.window.factor = 0.8
	sasl.login.callback.handler.class = null
	sasl.login.class = null
	sasl.login.connect.timeout.ms = null
	sasl.login.read.timeout.ms = null
	sasl.login.refresh.buffer.seconds = 300
	sasl.login.refresh.min.period.seconds = 60
	sasl.login.refresh.window.factor = 0.8
	sasl.login.refresh.window.jitter = 0.05
	sasl.login.retry.backoff.max.ms = 10000
	sasl.login.retry.backoff.ms = 100
	sasl.mechanism = GSSAPI
	sasl.oauthbearer.clock.skew.seconds = 30
	sasl.oauthbearer.expected.audience = null
	sasl.oauthbearer.expected.issuer = null
	sasl.oauthbearer.jwks.endpoint.refresh.ms = 3600000
	sasl.oauthbearer.jwks.endpoint.retry.backoff.max.ms = 10000
	sasl.oauthbearer.jwks.endpoint.retry.backoff.ms = 100
	sasl.oauthbearer.jwks.endpoint.url = null
	sasl.oauthbearer.scope.claim.name = scope
	sasl.oauthbearer.sub.claim.name = sub
	sasl.oauthbearer.token.endpoint.url = null
	security.protocol = PLAINTEXT
	security.providers = null
	send.buffer.bytes = 131072
	session.timeout.ms = 45000
	socket.connection.setup.timeout.max.ms = 30000
	socket.connection.setup.timeout.ms = 10000
	ssl.cipher.suites = null
	ssl.enabled.protocols = [TLSv1.2, TLSv1.3]
	ssl.endpoint.identification.algorithm = https
	ssl.engine.factory.class = null
	ssl.key.password = null
	ssl.keymanager.algorithm = SunX509
	ssl.keystore.certificate.chain = null
	ssl.keystore.key = null
	ssl.keystore.location = null
	ssl.keystore.password = null
	ssl.keystore.type = JKS
	ssl.protocol = TLSv1.3
	ssl.provider = null
	ssl.secure.random.implementation = null
	ssl.trustmanager.algorithm = PKIX
	ssl.truststore.certificates = null
	ssl.truststore.location = null
	ssl.truststore.password = null
	ssl.truststore.type = JKS
	value.deserializer = class coding.task.visable.serializer.MessageDeserializer

2024-02-08T16:49:12.699+01:00  INFO 41705 --- [           main] o.a.kafka.common.utils.AppInfoParser     : Kafka version: 3.6.1
2024-02-08T16:49:12.700+01:00  INFO 41705 --- [           main] o.a.kafka.common.utils.AppInfoParser     : Kafka commitId: 5e3c2b738d253ff5
2024-02-08T16:49:12.700+01:00  INFO 41705 --- [           main] o.a.kafka.common.utils.AppInfoParser     : Kafka startTimeMs: 1707407352698
2024-02-08T16:49:12.703+01:00  INFO 41705 --- [           main] fkaConsumerFactory$ExtendedKafkaConsumer : [Consumer clientId=consumer-visable-1, groupId=visable] Subscribed to topic(s): visable
2024-02-08T16:49:12.731+01:00  INFO 41705 --- [           main] c.task.visable.VisableApplicationTests   : Started VisableApplicationTests in 7.546 seconds (process running for 9.174)
2024-02-08T16:49:13.127+01:00  INFO 41705 --- [ntainer#0-0-C-1] org.apache.kafka.clients.NetworkClient   : [Consumer clientId=consumer-visable-1, groupId=visable] Node -1 disconnected.
2024-02-08T16:49:13.130+01:00  WARN 41705 --- [ntainer#0-0-C-1] org.apache.kafka.clients.NetworkClient   : [Consumer clientId=consumer-visable-1, groupId=visable] Connection to node -1 (localhost/127.0.0.1:9092) could not be established. Broker may not be available.
2024-02-08T16:49:13.130+01:00  WARN 41705 --- [ntainer#0-0-C-1] org.apache.kafka.clients.NetworkClient   : [Consumer clientId=consumer-visable-1, groupId=visable] Bootstrap broker localhost:9092 (id: -1 rack: null) disconnected
2024-02-08T16:49:13.228+01:00  INFO 41705 --- [ntainer#0-0-C-1] org.apache.kafka.clients.NetworkClient   : [Consumer clientId=consumer-visable-1, groupId=visable] Node -1 disconnected.
2024-02-08T16:49:13.229+01:00  WARN 41705 --- [ntainer#0-0-C-1] org.apache.kafka.clients.NetworkClient   : [Consumer clientId=consumer-visable-1, groupId=visable] Connection to node -1 (localhost/127.0.0.1:9092) could not be established. Broker may not be available.
2024-02-08T16:49:13.229+01:00  WARN 41705 --- [ntainer#0-0-C-1] org.apache.kafka.clients.NetworkClient   : [Consumer clientId=consumer-visable-1, groupId=visable] Bootstrap broker localhost:9092 (id: -1 rack: null) disconnected
2024-02-08T16:49:13.330+01:00  INFO 41705 --- [ntainer#0-0-C-1] org.apache.kafka.clients.NetworkClient   : [Consumer clientId=consumer-visable-1, groupId=visable] Node -1 disconnected.
2024-02-08T16:49:13.330+01:00  WARN 41705 --- [ntainer#0-0-C-1] org.apache.kafka.clients.NetworkClient   : [Consumer clientId=consumer-visable-1, groupId=visable] Connection to node -1 (localhost/127.0.0.1:9092) could not be established. Broker may not be available.
2024-02-08T16:49:13.330+01:00  WARN 41705 --- [ntainer#0-0-C-1] org.apache.kafka.clients.NetworkClient   : [Consumer clientId=consumer-visable-1, groupId=visable] Bootstrap broker localhost:9092 (id: -1 rack: null) disconnected
2024-02-08T16:49:13.534+01:00  INFO 41705 --- [ntainer#0-0-C-1] org.apache.kafka.clients.NetworkClient   : [Consumer clientId=consumer-visable-1, groupId=visable] Node -1 disconnected.
2024-02-08T16:49:13.534+01:00  WARN 41705 --- [ntainer#0-0-C-1] org.apache.kafka.clients.NetworkClient   : [Consumer clientId=consumer-visable-1, groupId=visable] Connection to node -1 (localhost/127.0.0.1:9092) could not be established. Broker may not be available.
2024-02-08T16:49:13.534+01:00  WARN 41705 --- [ntainer#0-0-C-1] org.apache.kafka.clients.NetworkClient   : [Consumer clientId=consumer-visable-1, groupId=visable] Bootstrap broker localhost:9092 (id: -1 rack: null) disconnected
]]></system-out>
  </testcase>
</testsuite>